\BOOKMARK [0][-]{chapter.1}{mmculib Hierarchical Index}{}
\BOOKMARK [1][-]{section.1.1}{mmculib Class Hierarchy}{chapter.1}
\BOOKMARK [0][-]{chapter.2}{mmculib Data Structure Index}{}
\BOOKMARK [1][-]{section.2.1}{mmculib Data Structures}{chapter.2}
\BOOKMARK [0][-]{chapter.3}{mmculib File Index}{}
\BOOKMARK [1][-]{section.3.1}{mmculib File List}{chapter.3}
\BOOKMARK [0][-]{chapter.4}{mmculib Data Structure Documentation}{}
\BOOKMARK [1][-]{section.4.1}{biseq\137obj\137t Struct Reference}{chapter.4}
\BOOKMARK [1][-]{section.4.2}{busart\137dev\137struct Struct Reference}{chapter.4}
\BOOKMARK [1][-]{section.4.3}{button\137cfg\137t Struct Reference}{chapter.4}
\BOOKMARK [1][-]{section.4.4}{button\137private\137t Struct Reference}{chapter.4}
\BOOKMARK [1][-]{section.4.5}{buttons\137private\137t Struct Reference}{chapter.4}
\BOOKMARK [1][-]{section.4.6}{chaser\137private\137t Struct Reference}{chapter.4}
\BOOKMARK [1][-]{section.4.7}{cleds\137private\137t Struct Reference}{chapter.4}
\BOOKMARK [1][-]{section.4.8}{flasher\137obj\137t Struct Reference}{chapter.4}
\BOOKMARK [1][-]{section.4.9}{flasher\137pattern\137t Struct Reference}{chapter.4}
\BOOKMARK [1][-]{section.4.10}{flasher\137private\137t Struct Reference}{chapter.4}
\BOOKMARK [1][-]{section.4.11}{font\137t Struct Reference}{chapter.4}
\BOOKMARK [1][-]{section.4.12}{lcd\137cfg\137t Struct Reference}{chapter.4}
\BOOKMARK [1][-]{section.4.13}{lcd\137obj\137t Struct Reference}{chapter.4}
\BOOKMARK [1][-]{section.4.14}{led\137cfg\137t Struct Reference}{chapter.4}
\BOOKMARK [1][-]{section.4.15}{lmatrix\137port\137t Struct Reference}{chapter.4}
\BOOKMARK [1][-]{section.4.16}{lmatrix\137private\137t Struct Reference}{chapter.4}
\BOOKMARK [1][-]{section.4.17}{mbuttons\137private\137t Struct Reference}{chapter.4}
\BOOKMARK [1][-]{section.4.18}{mcleds\137private\137t Struct Reference}{chapter.4}
\BOOKMARK [1][-]{section.4.19}{mcleds\137state\137t Struct Reference}{chapter.4}
\BOOKMARK [1][-]{section.4.20}{mmelody\137private\137t Struct Reference}{chapter.4}
\BOOKMARK [1][-]{section.4.21}{mpwm\137channel\137t Struct Reference}{chapter.4}
\BOOKMARK [1][-]{section.4.22}{mpwm\137obj\137t Struct Reference}{chapter.4}
\BOOKMARK [1][-]{section.4.23}{mtext\137obj\137t Struct Reference}{chapter.4}
\BOOKMARK [1][-]{section.4.24}{mu1wire\137obj\137t Struct Reference}{chapter.4}
\BOOKMARK [1][-]{section.4.25}{mu1wire\137rom\137code\137t Union Reference}{chapter.4}
\BOOKMARK [1][-]{section.4.26}{muxleds\137cfg\137t Struct Reference}{chapter.4}
\BOOKMARK [1][-]{section.4.27}{muxleds\137col\137t Struct Reference}{chapter.4}
\BOOKMARK [1][-]{section.4.28}{muxleds\137obj\137t Struct Reference}{chapter.4}
\BOOKMARK [1][-]{section.4.29}{muxleds\137row\137t Struct Reference}{chapter.4}
\BOOKMARK [1][-]{section.4.30}{nrf\137cfg\137t Struct Reference}{chapter.4}
\BOOKMARK [1][-]{section.4.31}{nrf\137config\137bits\137t Struct Reference}{chapter.4}
\BOOKMARK [1][-]{section.4.32}{nrf\137config\137t Union Reference}{chapter.4}
\BOOKMARK [1][-]{section.4.33}{nrf\137obj\137t Struct Reference}{chapter.4}
\BOOKMARK [1][-]{section.4.34}{nrf\137pins\137t Struct Reference}{chapter.4}
\BOOKMARK [1][-]{section.4.35}{pga\137cfg\137t Struct Reference}{chapter.4}
\BOOKMARK [1][-]{section.4.36}{pga\137private\137t Struct Reference}{chapter.4}
\BOOKMARK [1][-]{section.4.37}{piezo\137cfg\137t Struct Reference}{chapter.4}
\BOOKMARK [1][-]{section.4.38}{rf\137address\137t Struct Reference}{chapter.4}
\BOOKMARK [1][-]{section.4.39}{rf\137node\137t Struct Reference}{chapter.4}
\BOOKMARK [1][-]{section.4.40}{rf\137probe\137t Struct Reference}{chapter.4}
\BOOKMARK [1][-]{section.4.41}{ring\137struct Struct Reference}{chapter.4}
\BOOKMARK [1][-]{section.4.42}{scroller\137obj\137t Struct Reference}{chapter.4}
\BOOKMARK [1][-]{section.4.43}{seq\137obj\137t Struct Reference}{chapter.4}
\BOOKMARK [1][-]{section.4.44}{sflash\137obj\137t Struct Reference}{chapter.4}
\BOOKMARK [1][-]{section.4.45}{spi\137eeprom\137cfg\137t Struct Reference}{chapter.4}
\BOOKMARK [1][-]{section.4.46}{spi\137eeprom\137private\137t Struct Reference}{chapter.4}
\BOOKMARK [1][-]{section.4.47}{spwm\137obj\137t Struct Reference}{chapter.4}
\BOOKMARK [1][-]{section.4.48}{squeaker\137private\137t Struct Reference}{chapter.4}
\BOOKMARK [1][-]{section.4.49}{stext\137obj\137t Struct Reference}{chapter.4}
\BOOKMARK [1][-]{section.4.50}{ticker16\137t Struct Reference}{chapter.4}
\BOOKMARK [1][-]{section.4.51}{ticker8\137t Struct Reference}{chapter.4}
\BOOKMARK [1][-]{section.4.52}{ticker\137t Struct Reference}{chapter.4}
\BOOKMARK [1][-]{section.4.53}{time Struct Reference}{chapter.4}
\BOOKMARK [1][-]{section.4.54}{tweeter\137private\137t Struct Reference}{chapter.4}
\BOOKMARK [1][-]{section.4.55}{u1wire\137enumerate\137t Struct Reference}{chapter.4}
\BOOKMARK [1][-]{section.4.56}{u1wire\137obj\137t Struct Reference}{chapter.4}
\BOOKMARK [1][-]{section.4.57}{u1wire\137rom\137code\137t Union Reference}{chapter.4}
\BOOKMARK [1][-]{section.4.58}{u1wire\137state\137t Struct Reference}{chapter.4}
\BOOKMARK [1][-]{section.4.59}{usart\137dev\137struct Struct Reference}{chapter.4}
\BOOKMARK [0][-]{chapter.5}{mmculib File Documentation}{}
\BOOKMARK [1][-]{section.5.1}{ads7870.c File Reference}{chapter.5}
\BOOKMARK [1][-]{section.5.2}{ads7870.h File Reference}{chapter.5}
\BOOKMARK [1][-]{section.5.3}{ads8325.c File Reference}{chapter.5}
\BOOKMARK [1][-]{section.5.4}{ads8327.c File Reference}{chapter.5}
\BOOKMARK [1][-]{section.5.5}{ads8327.h File Reference}{chapter.5}
\BOOKMARK [1][-]{section.5.6}{biseq.c File Reference}{chapter.5}
\BOOKMARK [1][-]{section.5.7}{biseq.h File Reference}{chapter.5}
\BOOKMARK [1][-]{section.5.8}{bits.h File Reference}{chapter.5}
\BOOKMARK [1][-]{section.5.9}{busart.c File Reference}{chapter.5}
\BOOKMARK [1][-]{section.5.10}{busart.h File Reference}{chapter.5}
\BOOKMARK [1][-]{section.5.11}{button.c File Reference}{chapter.5}
\BOOKMARK [1][-]{section.5.12}{button.h File Reference}{chapter.5}
\BOOKMARK [1][-]{section.5.13}{buttons.c File Reference}{chapter.5}
\BOOKMARK [1][-]{section.5.14}{buttons.h File Reference}{chapter.5}
\BOOKMARK [1][-]{section.5.15}{chaser.c File Reference}{chapter.5}
\BOOKMARK [1][-]{section.5.16}{chaser.h File Reference}{chapter.5}
\BOOKMARK [1][-]{section.5.17}{cleds.c File Reference}{chapter.5}
\BOOKMARK [1][-]{section.5.18}{cleds.h File Reference}{chapter.5}
\BOOKMARK [1][-]{section.5.19}{colourmap.h File Reference}{chapter.5}
\BOOKMARK [1][-]{section.5.20}{crc8541.c File Reference}{chapter.5}
\BOOKMARK [1][-]{section.5.21}{crc8541.h File Reference}{chapter.5}
\BOOKMARK [1][-]{section.5.22}{crc8541\137test.c File Reference}{chapter.5}
\BOOKMARK [1][-]{section.5.23}{ds18b20.c File Reference}{chapter.5}
\BOOKMARK [1][-]{section.5.24}{ds18b20.h File Reference}{chapter.5}
\BOOKMARK [1][-]{section.5.25}{ds2450.c File Reference}{chapter.5}
\BOOKMARK [1][-]{section.5.26}{ds2450.h File Reference}{chapter.5}
\BOOKMARK [1][-]{section.5.27}{dscrc16.c File Reference}{chapter.5}
\BOOKMARK [1][-]{section.5.28}{dscrc16.h File Reference}{chapter.5}
\BOOKMARK [1][-]{section.5.29}{dscrc8.c File Reference}{chapter.5}
\BOOKMARK [1][-]{section.5.30}{dscrc8.h File Reference}{chapter.5}
\BOOKMARK [1][-]{section.5.31}{flasher.c File Reference}{chapter.5}
\BOOKMARK [1][-]{section.5.32}{flasher.h File Reference}{chapter.5}
\BOOKMARK [1][-]{section.5.33}{flasher\137tweak.c File Reference}{chapter.5}
\BOOKMARK [1][-]{section.5.34}{flasher\137tweak.h File Reference}{chapter.5}
\BOOKMARK [1][-]{section.5.35}{font.c File Reference}{chapter.5}
\BOOKMARK [1][-]{section.5.36}{font.h File Reference}{chapter.5}
\BOOKMARK [1][-]{section.5.37}{isqrt16.c File Reference}{chapter.5}
\BOOKMARK [1][-]{section.5.38}{isqrt32.c File Reference}{chapter.5}
\BOOKMARK [1][-]{section.5.39}{lcd.c File Reference}{chapter.5}
\BOOKMARK [1][-]{section.5.40}{lcd.h File Reference}{chapter.5}
\BOOKMARK [1][-]{section.5.41}{led.c File Reference}{chapter.5}
\BOOKMARK [1][-]{section.5.42}{led.h File Reference}{chapter.5}
\BOOKMARK [1][-]{section.5.43}{led\137flash.c File Reference}{chapter.5}
\BOOKMARK [1][-]{section.5.44}{led\137flash.h File Reference}{chapter.5}
\BOOKMARK [1][-]{section.5.45}{lmatrix.c File Reference}{chapter.5}
\BOOKMARK [1][-]{section.5.46}{lmatrix.h File Reference}{chapter.5}
\BOOKMARK [1][-]{section.5.47}{mbuttons.c File Reference}{chapter.5}
\BOOKMARK [1][-]{section.5.48}{mbuttons.h File Reference}{chapter.5}
\BOOKMARK [1][-]{section.5.49}{mcleds.c File Reference}{chapter.5}
\BOOKMARK [1][-]{section.5.50}{mcleds.h File Reference}{chapter.5}
\BOOKMARK [1][-]{section.5.51}{mmelody.c File Reference}{chapter.5}
\BOOKMARK [1][-]{section.5.52}{mmelody.h File Reference}{chapter.5}
\BOOKMARK [1][-]{section.5.53}{mpwm.c File Reference}{chapter.5}
\BOOKMARK [1][-]{section.5.54}{mpwm.h File Reference}{chapter.5}
\BOOKMARK [1][-]{section.5.55}{mtext.c File Reference}{chapter.5}
\BOOKMARK [1][-]{section.5.56}{mtext.h File Reference}{chapter.5}
\BOOKMARK [1][-]{section.5.57}{mu1wire.c File Reference}{chapter.5}
\BOOKMARK [1][-]{section.5.58}{mu1wire.h File Reference}{chapter.5}
\BOOKMARK [1][-]{section.5.59}{muxleds.c File Reference}{chapter.5}
\BOOKMARK [1][-]{section.5.60}{muxleds.h File Reference}{chapter.5}
\BOOKMARK [1][-]{section.5.61}{nmea.c File Reference}{chapter.5}
\BOOKMARK [1][-]{section.5.62}{nmea.h File Reference}{chapter.5}
\BOOKMARK [1][-]{section.5.63}{nrf2401.c File Reference}{chapter.5}
\BOOKMARK [1][-]{section.5.64}{nrf2401.h File Reference}{chapter.5}
\BOOKMARK [1][-]{section.5.65}{nrf\137config.h File Reference}{chapter.5}
\BOOKMARK [1][-]{section.5.66}{pga.c File Reference}{chapter.5}
\BOOKMARK [1][-]{section.5.67}{pga.h File Reference}{chapter.5}
\BOOKMARK [1][-]{section.5.68}{piezo.c File Reference}{chapter.5}
\BOOKMARK [1][-]{section.5.69}{piezo.h File Reference}{chapter.5}
\BOOKMARK [1][-]{section.5.70}{piezo\137beep.c File Reference}{chapter.5}
\BOOKMARK [1][-]{section.5.71}{piezo\137beep.h File Reference}{chapter.5}
\BOOKMARK [1][-]{section.5.72}{rf.c File Reference}{chapter.5}
\BOOKMARK [1][-]{section.5.73}{rf.h File Reference}{chapter.5}
\BOOKMARK [1][-]{section.5.74}{rf\137master.c File Reference}{chapter.5}
\BOOKMARK [1][-]{section.5.75}{rf\137slave.c File Reference}{chapter.5}
\BOOKMARK [1][-]{section.5.76}{ring.c File Reference}{chapter.5}
\BOOKMARK [1][-]{section.5.77}{ring.h File Reference}{chapter.5}
\BOOKMARK [1][-]{section.5.78}{s\137eeprom.c File Reference}{chapter.5}
\BOOKMARK [1][-]{section.5.79}{s\137eeprom.h File Reference}{chapter.5}
\BOOKMARK [1][-]{section.5.80}{scroller.c File Reference}{chapter.5}
\BOOKMARK [1][-]{section.5.81}{scroller.h File Reference}{chapter.5}
\BOOKMARK [1][-]{section.5.82}{seq.c File Reference}{chapter.5}
\BOOKMARK [1][-]{section.5.83}{seq.h File Reference}{chapter.5}
\BOOKMARK [1][-]{section.5.84}{sflash.c File Reference}{chapter.5}
\BOOKMARK [1][-]{section.5.85}{sflash.h File Reference}{chapter.5}
\BOOKMARK [1][-]{section.5.86}{spi\137adc.h File Reference}{chapter.5}
\BOOKMARK [1][-]{section.5.87}{spwm.c File Reference}{chapter.5}
\BOOKMARK [1][-]{section.5.88}{spwm.h File Reference}{chapter.5}
\BOOKMARK [1][-]{section.5.89}{squeaker.c File Reference}{chapter.5}
\BOOKMARK [1][-]{section.5.90}{squeaker.h File Reference}{chapter.5}
\BOOKMARK [1][-]{section.5.91}{squeaker2.c File Reference}{chapter.5}
\BOOKMARK [1][-]{section.5.92}{stext.c File Reference}{chapter.5}
\BOOKMARK [1][-]{section.5.93}{stext.h File Reference}{chapter.5}
\BOOKMARK [1][-]{section.5.94}{ticker.c File Reference}{chapter.5}
\BOOKMARK [1][-]{section.5.95}{ticker.h File Reference}{chapter.5}
\BOOKMARK [1][-]{section.5.96}{time.c File Reference}{chapter.5}
\BOOKMARK [1][-]{section.5.97}{time.h File Reference}{chapter.5}
\BOOKMARK [1][-]{section.5.98}{tweeter.c File Reference}{chapter.5}
\BOOKMARK [1][-]{section.5.99}{tweeter.h File Reference}{chapter.5}
\BOOKMARK [1][-]{section.5.100}{u1wire.c File Reference}{chapter.5}
\BOOKMARK [1][-]{section.5.101}{u1wire.h File Reference}{chapter.5}
\BOOKMARK [1][-]{section.5.102}{u1wire\137debug.c File Reference}{chapter.5}
\BOOKMARK [1][-]{section.5.103}{u1wire\137discover.c File Reference}{chapter.5}
\BOOKMARK [1][-]{section.5.104}{u1wire\137discover.h File Reference}{chapter.5}
\BOOKMARK [1][-]{section.5.105}{u1wire\137enumerate.c File Reference}{chapter.5}
\BOOKMARK [1][-]{section.5.106}{u1wire\137enumerate.h File Reference}{chapter.5}
\BOOKMARK [1][-]{section.5.107}{uint16toa.c File Reference}{chapter.5}
\BOOKMARK [1][-]{section.5.108}{uint16toa.h File Reference}{chapter.5}
\BOOKMARK [1][-]{section.5.109}{uint8toa.c File Reference}{chapter.5}
\BOOKMARK [1][-]{section.5.110}{uint8toa.h File Reference}{chapter.5}
\BOOKMARK [1][-]{section.5.111}{usart.c File Reference}{chapter.5}
\BOOKMARK [1][-]{section.5.112}{usart.h File Reference}{chapter.5}
